<?xml version="1.0" encoding="UTF-8"?>
<!-- Generated by org.testng.reporters.JUnitXMLReporter -->
<testsuite ignored="0" hostname="CK-YOGA" failures="0" tests="3" name="Default test" time="80.147" errors="0" timestamp="01 Jan 2018 08:54:21 GMT">
  <testcase classname="com.crm.qa.testcases.NewDealPageTest" name="validateCreateNewDeal" time="5.055"/>
  <testcase classname="com.crm.qa.testcases.NewDealPageTest" name="validateCreateNewDeal" time="5.261"/>
  <testcase classname="com.crm.qa.testcases.NewDealPageTest" name="validateCreateNewDeal" time="5.271"/>
</testsuite> <!-- Default test -->
