<?xml version="1.0" encoding="UTF-8"?>
<!-- Generated by org.testng.reporters.JUnitXMLReporter -->
<testsuite ignored="1" hostname="CK-YOGA" failures="0" tests="2" name="Free CRM Test cases" time="30.568" errors="0" timestamp="30 Dec 2017 07:41:41 GMT">
  <testcase classname="com.crm.qa.testcases.LoginPageTest" name="freeCRMLogoTest" time="0.458"/>
  <testcase classname="com.crm.qa.testcases.LoginPageTest" name="login" time="11.426"/>
  <testcase classname="com.crm.qa.testcases.LoginPageTest" name="loginPageTitleTest" time="0.0">
    <ignored/>
  </testcase> <!-- loginPageTitleTest -->
</testsuite> <!-- Free CRM Test cases -->
