<?xml version="1.0" encoding="UTF-8"?>
<!-- Generated by org.testng.reporters.JUnitXMLReporter -->
<testsuite ignored="0" hostname="CK-YOGA" failures="0" tests="3" name="Free CRM Test cases" time="33.571" errors="0" timestamp="30 Dec 2017 22:04:53 GMT">
  <testcase classname="com.crm.qa.testcases.LoginPageTest" name="loginPageTitleTest" time="0.074"/>
  <testcase classname="com.crm.qa.testcases.LoginPageTest" name="freeCRMLogoTest" time="0.192"/>
  <testcase classname="com.crm.qa.testcases.LoginPageTest" name="login" time="10.883"/>
</testsuite> <!-- Free CRM Test cases -->
