<?xml version="1.0" encoding="UTF-8"?>
<testng-results ignored="0" total="3" passed="3" failed="0" skipped="0">
  <reporter-output>
  </reporter-output>
  <suite started-at="2017-12-30T22:04:20Z" name="Free CRM Appication Test Automation Suite" finished-at="2017-12-30T22:04:53Z" duration-ms="33571">
    <groups>
    </groups>
    <test started-at="2017-12-30T22:04:20Z" name="Free CRM Test cases" finished-at="2017-12-30T22:04:53Z" duration-ms="33571">
      <class name="com.crm.qa.testcases.LoginPageTest">
        <test-method is-config="true" signature="setUp()[pri:0, instance:com.crm.qa.testcases.LoginPageTest@61d6015a]" started-at="2017-12-31T03:34:20Z" name="setUp" finished-at="2017-12-31T03:34:27Z" duration-ms="7388" status="PASS">
          <reporter-output>
          </reporter-output>
        </test-method> <!-- setUp -->
        <test-method signature="loginPageTitleTest()[pri:1, instance:com.crm.qa.testcases.LoginPageTest@61d6015a]" started-at="2017-12-31T03:34:27Z" name="loginPageTitleTest" finished-at="2017-12-31T03:34:27Z" duration-ms="74" status="PASS">
          <reporter-output>
          </reporter-output>
        </test-method> <!-- loginPageTitleTest -->
        <test-method is-config="true" signature="tearDown()[pri:0, instance:com.crm.qa.testcases.LoginPageTest@61d6015a]" started-at="2017-12-31T03:34:27Z" name="tearDown" finished-at="2017-12-31T03:34:28Z" duration-ms="928" status="PASS">
          <reporter-output>
          </reporter-output>
        </test-method> <!-- tearDown -->
        <test-method is-config="true" signature="setUp()[pri:0, instance:com.crm.qa.testcases.LoginPageTest@61d6015a]" started-at="2017-12-31T03:34:28Z" name="setUp" finished-at="2017-12-31T03:34:34Z" duration-ms="6023" status="PASS">
          <reporter-output>
          </reporter-output>
        </test-method> <!-- setUp -->
        <test-method signature="freeCRMLogoTest()[pri:2, instance:com.crm.qa.testcases.LoginPageTest@61d6015a]" started-at="2017-12-31T03:34:34Z" name="freeCRMLogoTest" finished-at="2017-12-31T03:34:34Z" duration-ms="192" status="PASS">
          <reporter-output>
          </reporter-output>
        </test-method> <!-- freeCRMLogoTest -->
        <test-method is-config="true" signature="tearDown()[pri:0, instance:com.crm.qa.testcases.LoginPageTest@61d6015a]" started-at="2017-12-31T03:34:34Z" name="tearDown" finished-at="2017-12-31T03:34:35Z" duration-ms="871" status="PASS">
          <reporter-output>
          </reporter-output>
        </test-method> <!-- tearDown -->
        <test-method is-config="true" signature="setUp()[pri:0, instance:com.crm.qa.testcases.LoginPageTest@61d6015a]" started-at="2017-12-31T03:34:35Z" name="setUp" finished-at="2017-12-31T03:34:42Z" duration-ms="6344" status="PASS">
          <reporter-output>
          </reporter-output>
        </test-method> <!-- setUp -->
        <test-method signature="login()[pri:3, instance:com.crm.qa.testcases.LoginPageTest@61d6015a]" started-at="2017-12-31T03:34:42Z" name="login" finished-at="2017-12-31T03:34:52Z" duration-ms="10883" status="PASS">
          <reporter-output>
          </reporter-output>
        </test-method> <!-- login -->
        <test-method is-config="true" signature="tearDown()[pri:0, instance:com.crm.qa.testcases.LoginPageTest@61d6015a]" started-at="2017-12-31T03:34:52Z" name="tearDown" finished-at="2017-12-31T03:34:53Z" duration-ms="852" status="PASS">
          <reporter-output>
          </reporter-output>
        </test-method> <!-- tearDown -->
      </class> <!-- com.crm.qa.testcases.LoginPageTest -->
    </test> <!-- Free CRM Test cases -->
  </suite> <!-- Free CRM Appication Test Automation Suite -->
</testng-results>
