<?xml version="1.0" encoding="UTF-8"?>
<testng-results ignored="0" total="3" passed="3" failed="0" skipped="0">
  <reporter-output>
  </reporter-output>
  <suite started-at="2018-01-01T08:53:00Z" name="Default suite" finished-at="2018-01-01T08:54:21Z" duration-ms="80147">
    <groups>
    </groups>
    <test started-at="2018-01-01T08:53:00Z" name="Default test" finished-at="2018-01-01T08:54:21Z" duration-ms="80147">
      <class name="com.crm.qa.testcases.NewDealPageTest">
        <test-method is-config="true" signature="setUp()[pri:0, instance:com.crm.qa.testcases.NewDealPageTest@44a7bfbc]" started-at="2018-01-01T14:23:01Z" name="setUp" finished-at="2018-01-01T14:23:23Z" duration-ms="21670" status="PASS">
          <reporter-output>
          </reporter-output>
        </test-method> <!-- setUp -->
        <test-method signature="validateCreateNewDeal(java.lang.String, java.lang.String, java.lang.String, java.lang.String)[pri:0, instance:com.crm.qa.testcases.NewDealPageTest@44a7bfbc]" started-at="2018-01-01T14:23:23Z" name="validateCreateNewDeal" data-provider="getDealTestData" finished-at="2018-01-01T14:23:28Z" duration-ms="5055" status="PASS">
          <params>
            <param index="0">
              <value>
                <![CDATA[Dr.]]>
              </value>
            </param>
            <param index="1">
              <value>
                <![CDATA[Infosys]]>
              </value>
            </param>
            <param index="2">
              <value>
                <![CDATA[9681141163]]>
              </value>
            </param>
            <param index="3">
              <value>
                <![CDATA[200000]]>
              </value>
            </param>
          </params>
          <reporter-output>
          </reporter-output>
        </test-method> <!-- validateCreateNewDeal -->
        <test-method is-config="true" signature="tearDown()[pri:0, instance:com.crm.qa.testcases.NewDealPageTest@44a7bfbc]" started-at="2018-01-01T14:23:28Z" name="tearDown" finished-at="2018-01-01T14:23:28Z" duration-ms="309" status="PASS">
          <reporter-output>
          </reporter-output>
        </test-method> <!-- tearDown -->
        <test-method is-config="true" signature="setUp()[pri:0, instance:com.crm.qa.testcases.NewDealPageTest@44a7bfbc]" started-at="2018-01-01T14:23:28Z" name="setUp" finished-at="2018-01-01T14:23:49Z" duration-ms="20941" status="PASS">
          <reporter-output>
          </reporter-output>
        </test-method> <!-- setUp -->
        <test-method signature="validateCreateNewDeal(java.lang.String, java.lang.String, java.lang.String, java.lang.String)[pri:0, instance:com.crm.qa.testcases.NewDealPageTest@44a7bfbc]" started-at="2018-01-01T14:23:49Z" name="validateCreateNewDeal" data-provider="getDealTestData" finished-at="2018-01-01T14:23:55Z" duration-ms="5261" status="PASS">
          <params>
            <param index="0">
              <value>
                <![CDATA[Mr.]]>
              </value>
            </param>
            <param index="1">
              <value>
                <![CDATA[Sapient]]>
              </value>
            </param>
            <param index="2">
              <value>
                <![CDATA[2222222222]]>
              </value>
            </param>
            <param index="3">
              <value>
                <![CDATA[300000]]>
              </value>
            </param>
          </params>
          <reporter-output>
          </reporter-output>
        </test-method> <!-- validateCreateNewDeal -->
        <test-method is-config="true" signature="tearDown()[pri:0, instance:com.crm.qa.testcases.NewDealPageTest@44a7bfbc]" started-at="2018-01-01T14:23:55Z" name="tearDown" finished-at="2018-01-01T14:23:55Z" duration-ms="377" status="PASS">
          <reporter-output>
          </reporter-output>
        </test-method> <!-- tearDown -->
        <test-method is-config="true" signature="setUp()[pri:0, instance:com.crm.qa.testcases.NewDealPageTest@44a7bfbc]" started-at="2018-01-01T14:23:55Z" name="setUp" finished-at="2018-01-01T14:24:15Z" duration-ms="19935" status="PASS">
          <reporter-output>
          </reporter-output>
        </test-method> <!-- setUp -->
        <test-method signature="validateCreateNewDeal(java.lang.String, java.lang.String, java.lang.String, java.lang.String)[pri:0, instance:com.crm.qa.testcases.NewDealPageTest@44a7bfbc]" started-at="2018-01-01T14:24:15Z" name="validateCreateNewDeal" data-provider="getDealTestData" finished-at="2018-01-01T14:24:20Z" duration-ms="5271" status="PASS">
          <params>
            <param index="0">
              <value>
                <![CDATA[Mrs.]]>
              </value>
            </param>
            <param index="1">
              <value>
                <![CDATA[Thomson Reuters]]>
              </value>
            </param>
            <param index="2">
              <value>
                <![CDATA[1111111111]]>
              </value>
            </param>
            <param index="3">
              <value>
                <![CDATA[500000]]>
              </value>
            </param>
          </params>
          <reporter-output>
          </reporter-output>
        </test-method> <!-- validateCreateNewDeal -->
        <test-method is-config="true" signature="tearDown()[pri:0, instance:com.crm.qa.testcases.NewDealPageTest@44a7bfbc]" started-at="2018-01-01T14:24:20Z" name="tearDown" finished-at="2018-01-01T14:24:21Z" duration-ms="431" status="PASS">
          <reporter-output>
          </reporter-output>
        </test-method> <!-- tearDown -->
      </class> <!-- com.crm.qa.testcases.NewDealPageTest -->
    </test> <!-- Default test -->
  </suite> <!-- Default suite -->
</testng-results>
